<?xml version="1.0" encoding="UTF-8"?>
<!-- Generated by org.testng.reporters.JUnitReportReporter -->
<testsuite hostname="DESKTOP-K9FM7UL" failures="0" tests="7" name="test.java.tests.LoginTest" time="24.478" errors="0" timestamp="10 Apr 2022 21:31:17 GMT">
  <testcase classname="test.java.tests.LoginTest" name="loginSuccessfully" time="6.727"/>
  <testcase classname="test.java.tests.LoginTest" name="loginWithInvalidData" time="3.443"/>
  <testcase classname="test.java.tests.LoginTest" name="loginWithInvalidData" time="2.496"/>
  <testcase classname="test.java.tests.LoginTest" name="loginWithInvalidData" time="3.097"/>
  <testcase classname="test.java.tests.LoginTest" name="loginWithInvalidData" time="3.374"/>
  <testcase classname="test.java.tests.LoginTest" name="loginWithInvalidData" time="2.392"/>
  <testcase classname="test.java.tests.LoginTest" name="loginWithInvalidData" time="2.949"/>
</testsuite> <!-- test.java.tests.LoginTest -->
