<?xml version="1.0" encoding="UTF-8"?>
<!-- Generated by org.testng.reporters.JUnitReportReporter -->
<testsuite hostname="DESKTOP-K9FM7UL" failures="0" tests="7" name="test.java.tests.LoginTest" time="24.756" errors="0" timestamp="6 Apr 2022 00:58:27 GMT">
  <testcase classname="test.java.tests.LoginTest" name="loginSuccessfully" time="5.918"/>
  <testcase classname="test.java.tests.LoginTest" name="loginWithInvalidData" time="3.508"/>
  <testcase classname="test.java.tests.LoginTest" name="loginWithInvalidData" time="3.856"/>
  <testcase classname="test.java.tests.LoginTest" name="loginWithInvalidData" time="3.230"/>
  <testcase classname="test.java.tests.LoginTest" name="loginWithInvalidData" time="2.837"/>
  <testcase classname="test.java.tests.LoginTest" name="loginWithInvalidData" time="3.291"/>
  <testcase classname="test.java.tests.LoginTest" name="loginWithInvalidData" time="2.116"/>
</testsuite> <!-- test.java.tests.LoginTest -->
